::1 - - [15/Dec/2022:15:02:40 +0000] "POST /api/question-paper/save-details HTTP/1.1" 201 34 "-" "PostmanRuntime/7.30.0"
::1 - - [15/Dec/2022:16:58:49 +0000] "POST /api/question-paper/get-details HTTP/1.1" 404 170 "-" "PostmanRuntime/7.30.0"
::1 - - [15/Dec/2022:16:59:01 +0000] "GET /api/question-paper/get-details HTTP/1.1" 404 169 "-" "PostmanRuntime/7.30.0"
::1 - - [15/Dec/2022:17:01:48 +0000] "GET /api/question-paper/get-details HTTP/1.1" 404 169 "-" "PostmanRuntime/7.30.0"
::1 - - [15/Dec/2022:17:02:23 +0000] "GET /api/question-paper/get-details HTTP/1.1" 404 169 "-" "PostmanRuntime/7.30.0"
::1 - - [15/Dec/2022:17:03:16 +0000] "POST /api/question-paper/get-details HTTP/1.1" 404 170 "-" "PostmanRuntime/7.30.0"
::1 - - [15/Dec/2022:17:03:56 +0000] "GET /api/question-paper/get-details HTTP/1.1" 404 169 "-" "PostmanRuntime/7.30.0"
::1 - - [15/Dec/2022:17:11:03 +0000] "GET /api/question-paper/get-details HTTP/1.1" 200 44 "-" "PostmanRuntime/7.30.0"
::1 - - [15/Dec/2022:17:11:33 +0000] "GET /api/question-paper/get-details HTTP/1.1" 200 44 "-" "PostmanRuntime/7.30.0"
::1 - - [15/Dec/2022:17:17:53 +0000] "GET /api/question-paper/get-details HTTP/1.1" 200 42 "-" "PostmanRuntime/7.30.0"
::1 - - [15/Dec/2022:17:20:04 +0000] "GET /api/question-paper/get-details HTTP/1.1" - - "-" "PostmanRuntime/7.30.0"
::1 - - [15/Dec/2022:17:26:46 +0000] "GET /api/question-paper/get-details HTTP/1.1" - - "-" "PostmanRuntime/7.30.0"
::1 - - [15/Dec/2022:17:35:17 +0000] "GET /api/question-paper/get-details HTTP/1.1" - - "-" "PostmanRuntime/7.30.0"
::1 - - [15/Dec/2022:17:35:49 +0000] "GET /api/question-paper/get-details HTTP/1.1" - - "-" "PostmanRuntime/7.30.0"
::1 - - [15/Dec/2022:17:36:54 +0000] "GET /api/question-paper/get-details HTTP/1.1" - - "-" "PostmanRuntime/7.30.0"
::1 - - [15/Dec/2022:17:38:20 +0000] "GET /api/question-paper/get-details HTTP/1.1" - - "-" "PostmanRuntime/7.30.0"
::1 - - [15/Dec/2022:17:38:52 +0000] "GET /api/question-paper/get-details HTTP/1.1" - - "-" "PostmanRuntime/7.30.0"
::1 - - [15/Dec/2022:17:39:06 +0000] "GET /api/question-paper/get-details HTTP/1.1" - - "-" "PostmanRuntime/7.30.0"
::1 - - [14/Jan/2023:18:07:09 +0000] "POST /question-paper/save-details HTTP/1.1" 404 167 "-" "PostmanRuntime/7.30.0"
::1 - - [14/Jan/2023:18:09:16 +0000] "POST /question-paper/save-details HTTP/1.1" 404 167 "-" "PostmanRuntime/7.30.0"
::1 - - [14/Jan/2023:18:09:23 +0000] "POST /question-paper/save-details HTTP/1.1" 404 167 "-" "PostmanRuntime/7.30.0"
::1 - - [14/Jan/2023:18:09:58 +0000] "POST /api/question-paper/save-details HTTP/1.1" 500 247 "-" "PostmanRuntime/7.30.0"
::1 - - [14/Jan/2023:18:10:41 +0000] "POST /api/question-paper/save-details HTTP/1.1" 500 247 "-" "PostmanRuntime/7.30.0"
::1 - - [14/Jan/2023:18:11:56 +0000] "POST /api/question-paper/save-details HTTP/1.1" 500 247 "-" "PostmanRuntime/7.30.0"
::1 - - [14/Jan/2023:18:16:37 +0000] "POST /api/question-paper/save-details HTTP/1.1" 404 171 "-" "PostmanRuntime/7.30.0"
::1 - - [14/Jan/2023:18:17:07 +0000] "POST /api/question-paper/save-details HTTP/1.1" 404 171 "-" "PostmanRuntime/7.30.0"
::1 - - [14/Jan/2023:18:19:09 +0000] "POST /api/question-paper/save-details HTTP/1.1" 404 171 "-" "PostmanRuntime/7.30.0"
::1 - - [14/Jan/2023:18:20:38 +0000] "POST /api/question-paper/save-details HTTP/1.1" 404 171 "-" "PostmanRuntime/7.30.0"
::1 - - [14/Jan/2023:18:22:31 +0000] "POST /api/question-paper/save-details HTTP/1.1" 404 171 "-" "PostmanRuntime/7.30.0"
::1 - - [14/Jan/2023:18:34:18 +0000] "POST /api/question-paper/save-details HTTP/1.1" 500 247 "-" "PostmanRuntime/7.30.0"
::1 - - [14/Jan/2023:18:35:16 +0000] "POST /api/question-paper/save-details HTTP/1.1" 500 247 "-" "PostmanRuntime/7.30.0"
::1 - - [14/Jan/2023:18:35:32 +0000] "POST /api/question-paper/save-details HTTP/1.1" 500 247 "-" "PostmanRuntime/7.30.0"
::1 - - [14/Jan/2023:18:36:15 +0000] "POST /api/question-paper/save-details HTTP/1.1" 500 1952 "-" "PostmanRuntime/7.30.0"
::1 - - [14/Jan/2023:18:37:31 +0000] "POST /api/question-paper/save-details HTTP/1.1" 500 1957 "-" "PostmanRuntime/7.30.0"
::1 - - [14/Jan/2023:18:38:53 +0000] "POST /api/question-paper/save-details HTTP/1.1" 500 247 "-" "PostmanRuntime/7.30.0"
::1 - - [14/Jan/2023:18:41:24 +0000] "POST /api/question-paper/save-details HTTP/1.1" 500 262 "-" "PostmanRuntime/7.30.0"
::1 - - [14/Jan/2023:18:42:31 +0000] "POST /api/question-paper/save-details HTTP/1.1" 500 262 "-" "PostmanRuntime/7.30.0"
::1 - - [14/Jan/2023:18:43:03 +0000] "POST /api/question-paper/save-details HTTP/1.1" 500 1957 "-" "PostmanRuntime/7.30.0"
::1 - - [14/Jan/2023:18:44:06 +0000] "POST /api/question-paper/save-details HTTP/1.1" 500 1952 "-" "PostmanRuntime/7.30.0"
::1 - - [14/Jan/2023:18:49:14 +0000] "POST /api/question-paper/save-details HTTP/1.1" 500 243 "-" "PostmanRuntime/7.30.0"
::1 - - [14/Jan/2023:18:51:00 +0000] "POST /api/question-paper/save-details HTTP/1.1" 500 243 "-" "PostmanRuntime/7.30.0"
::1 - - [14/Jan/2023:18:53:13 +0000] "POST /api/question-paper/save-details HTTP/1.1" 500 243 "-" "PostmanRuntime/7.30.0"
::1 - - [14/Jan/2023:18:54:46 +0000] "POST /api/question-paper/save-details HTTP/1.1" 500 243 "-" "PostmanRuntime/7.30.0"
::1 - - [14/Jan/2023:18:56:40 +0000] "POST /api/question-paper/save-details HTTP/1.1" 500 243 "-" "PostmanRuntime/7.30.0"
::1 - - [14/Jan/2023:18:57:02 +0000] "POST /api/question-paper/save-details HTTP/1.1" 500 243 "-" "PostmanRuntime/7.30.0"
::1 - - [14/Jan/2023:19:05:01 +0000] "POST /api/question-paper/save-details HTTP/1.1" 500 243 "-" "PostmanRuntime/7.30.0"
::1 - - [14/Jan/2023:19:05:36 +0000] "POST /api/question-paper/save-details HTTP/1.1" 500 243 "-" "PostmanRuntime/7.30.0"
::1 - - [14/Jan/2023:19:06:03 +0000] "POST /api/question-paper/save-details HTTP/1.1" 500 243 "-" "PostmanRuntime/7.30.0"
::1 - - [14/Jan/2023:19:07:34 +0000] "POST /api/question-paper/save-details HTTP/1.1" 500 243 "-" "PostmanRuntime/7.30.0"
::1 - - [14/Jan/2023:19:08:04 +0000] "POST /api/question-paper/save-details HTTP/1.1" 500 242 "-" "PostmanRuntime/7.30.0"
::1 - - [14/Jan/2023:19:10:09 +0000] "POST /api/question-paper/save-details HTTP/1.1" 500 243 "-" "PostmanRuntime/7.30.0"
::1 - - [14/Jan/2023:19:16:25 +0000] "POST /api/question-paper/save-details HTTP/1.1" 500 243 "-" "PostmanRuntime/7.30.0"
::1 - - [14/Jan/2023:19:24:31 +0000] "POST /api/question-paper/save-details HTTP/1.1" 500 243 "-" "PostmanRuntime/7.30.0"
::1 - - [15/Jan/2023:13:05:36 +0000] "POST /api/question-paper/save-details HTTP/1.1" - - "-" "PostmanRuntime/7.30.0"
::1 - - [15/Jan/2023:13:09:09 +0000] "POST /api/question-paper/save-details HTTP/1.1" - - "-" "PostmanRuntime/7.30.0"
::1 - - [15/Jan/2023:13:09:44 +0000] "POST /api/question-paper/save-details HTTP/1.1" - - "-" "PostmanRuntime/7.30.0"
::1 - - [15/Jan/2023:13:23:35 +0000] "POST /api/question-paper/save-details HTTP/1.1" - - "-" "PostmanRuntime/7.30.0"
::1 - - [15/Jan/2023:13:26:40 +0000] "POST /api/question-paper/save-details HTTP/1.1" - - "-" "PostmanRuntime/7.30.0"
::1 - - [15/Jan/2023:15:05:22 +0000] "POST /api/question-paper/save-details HTTP/1.1" 200 35 "-" "PostmanRuntime/7.30.0"
::1 - - [15/Jan/2023:15:11:34 +0000] "GET /api/question-paper/get-details HTTP/1.1" 200 1919 "-" "PostmanRuntime/7.30.0"
::1 - - [15/Jan/2023:15:16:52 +0000] "GET /api/question-paper/get-details HTTP/1.1" - - "-" "PostmanRuntime/7.30.0"
::1 - - [15/Jan/2023:15:18:31 +0000] "GET /api/question-paper/get-details HTTP/1.1" - - "-" "PostmanRuntime/7.30.0"
::1 - - [15/Jan/2023:15:37:26 +0000] "GET /api/question-paper/get-details HTTP/1.1" 200 1919 "-" "PostmanRuntime/7.30.0"
::1 - - [15/Jan/2023:15:42:28 +0000] "GET /api/question-paper/get-details HTTP/1.1" 200 736 "-" "PostmanRuntime/7.30.0"
::1 - - [15/Jan/2023:17:20:28 +0000] "GET /api/question-paper/get-details HTTP/1.1" 200 736 "-" "PostmanRuntime/7.30.0"
::1 - - [15/Jan/2023:17:20:37 +0000] "GET /api/question-paper/get-details HTTP/1.1" 200 68 "-" "PostmanRuntime/7.30.0"
::1 - - [15/Jan/2023:17:27:33 +0000] "GET /api/question-paper/get-details HTTP/1.1" 200 68 "-" "PostmanRuntime/7.30.0"
::1 - - [15/Jan/2023:17:30:45 +0000] "GET /api/question-paper/get-details HTTP/1.1" 200 68 "-" "PostmanRuntime/7.30.0"
::1 - - [15/Jan/2023:17:33:11 +0000] "GET /api/question-paper/get-details HTTP/1.1" 501 79 "-" "PostmanRuntime/7.30.0"
::1 - - [15/Jan/2023:17:33:18 +0000] "GET /api/question-paper/get-details HTTP/1.1" 200 736 "-" "PostmanRuntime/7.30.0"
::1 - - [15/Jan/2023:18:26:06 +0000] "POST /api/question-paper/save-details HTTP/1.1" 200 35 "-" "PostmanRuntime/7.30.0"
::1 - - [15/Jan/2023:18:28:35 +0000] "GET /api/question-paper/get-details HTTP/1.1" 200 736 "-" "PostmanRuntime/7.30.0"
::1 - - [15/Jan/2023:18:34:04 +0000] "GET /api/question-paper/get-details HTTP/1.1" 501 79 "-" "PostmanRuntime/7.30.0"
::1 - - [15/Jan/2023:18:34:31 +0000] "GET /api/question-paper/get-details HTTP/1.1" 501 79 "-" "PostmanRuntime/7.30.0"
::1 - - [15/Jan/2023:18:35:58 +0000] "POST /api/question-paper/save-details HTTP/1.1" 200 35 "-" "PostmanRuntime/7.30.0"
::1 - - [15/Jan/2023:18:36:05 +0000] "GET /api/question-paper/get-details HTTP/1.1" 200 734 "-" "PostmanRuntime/7.30.0"
::1 - - [15/Jan/2023:19:10:06 +0000] "POST /api/user/signup HTTP/1.1" 404 155 "-" "PostmanRuntime/7.30.0"
::1 - - [15/Jan/2023:19:10:59 +0000] "POST /api/user/signup HTTP/1.1" 404 155 "-" "PostmanRuntime/7.30.0"
::1 - - [15/Jan/2023:19:32:57 +0000] "GET /api/question-paper/get-details HTTP/1.1" 200 2072 "-" "PostmanRuntime/7.30.0"
::1 - - [15/Jan/2023:19:43:10 +0000] "GET /api/question-paper/get-details HTTP/1.1" 200 734 "-" "PostmanRuntime/7.30.0"
::1 - - [15/Jan/2023:19:43:20 +0000] "GET /api/question-paper/get-details HTTP/1.1" 200 2072 "-" "PostmanRuntime/7.30.0"
::1 - - [15/Jan/2023:19:43:52 +0000] "POST /api/question-paper/save-details HTTP/1.1" 200 35 "-" "PostmanRuntime/7.30.0"
::1 - - [15/Jan/2023:19:44:40 +0000] "POST /api/question-paper/save-details HTTP/1.1" 200 35 "-" "PostmanRuntime/7.30.0"
::1 - - [15/Jan/2023:19:45:28 +0000] "GET /api/question-paper/get-details HTTP/1.1" 200 734 "-" "PostmanRuntime/7.30.0"
::1 - - [15/Jan/2023:19:45:41 +0000] "GET /api/question-paper/get-details HTTP/1.1" 200 2740 "-" "PostmanRuntime/7.30.0"
::1 - - [15/Jan/2023:19:46:06 +0000] "GET /api/question-paper/get-details HTTP/1.1" 200 736 "-" "PostmanRuntime/7.30.0"
::1 - - [16/Jan/2023:09:36:58 +0000] "POST /api/user/signup HTTP/1.1" 404 155 "-" "PostmanRuntime/7.30.0"
::1 - - [16/Jan/2023:18:35:33 +0000] "POST /api/user/signup HTTP/1.1" 200 52 "-" "PostmanRuntime/7.30.0"
::1 - - [16/Jan/2023:18:36:46 +0000] "POST /api/user/signup HTTP/1.1" 200 52 "-" "PostmanRuntime/7.30.0"
::1 - - [16/Jan/2023:18:40:37 +0000] "POST /api/user/signup HTTP/1.1" 401 49 "-" "PostmanRuntime/7.30.0"
::1 - - [16/Jan/2023:18:41:42 +0000] "POST /api/user/signup HTTP/1.1" 200 90 "-" "PostmanRuntime/7.30.0"
::1 - - [16/Jan/2023:18:44:49 +0000] "POST /api/user/login HTTP/1.1" 200 89 "-" "PostmanRuntime/7.30.0"
::1 - - [16/Jan/2023:18:45:06 +0000] "POST /api/user/login HTTP/1.1" 401 43 "-" "PostmanRuntime/7.30.0"
::1 - - [16/Jan/2023:18:45:11 +0000] "POST /api/user/login HTTP/1.1" 200 89 "-" "PostmanRuntime/7.30.0"
::1 - - [16/Jan/2023:18:45:15 +0000] "POST /api/user/login HTTP/1.1" 401 43 "-" "PostmanRuntime/7.30.0"
::1 - - [16/Jan/2023:18:45:23 +0000] "POST /api/user/login HTTP/1.1" 200 89 "-" "PostmanRuntime/7.30.0"
::1 - - [16/Jan/2023:18:45:29 +0000] "POST /api/user/signup HTTP/1.1" 401 56 "-" "PostmanRuntime/7.30.0"
::1 - - [16/Jan/2023:18:45:42 +0000] "POST /api/user/signup HTTP/1.1" 401 56 "-" "PostmanRuntime/7.30.0"
::1 - - [16/Jan/2023:18:45:52 +0000] "POST /api/user/signup HTTP/1.1" 200 90 "-" "PostmanRuntime/7.30.0"
::1 - - [16/Jan/2023:18:46:01 +0000] "POST /api/user/login HTTP/1.1" 401 43 "-" "PostmanRuntime/7.30.0"
::1 - - [16/Jan/2023:18:46:17 +0000] "POST /api/user/login HTTP/1.1" 401 43 "-" "PostmanRuntime/7.30.0"
::1 - - [16/Jan/2023:18:46:37 +0000] "POST /api/user/login HTTP/1.1" 200 89 "-" "PostmanRuntime/7.30.0"
::1 - - [16/Jan/2023:18:55:10 +0000] "POST /api/question-paper/save-details HTTP/1.1" 200 35 "-" "PostmanRuntime/7.30.0"
::1 - - [16/Jan/2023:18:56:28 +0000] "GET /api/question-paper/get-details HTTP/1.1" 200 772 "-" "PostmanRuntime/7.30.0"
::1 - - [16/Jan/2023:19:04:20 +0000] "POST /api/question-paper/save-details HTTP/1.1" 200 35 "-" "PostmanRuntime/7.30.0"
::1 - - [17/Jan/2023:16:18:24 +0000] "POST /api/user/signup HTTP/1.1" 200 90 "-" "PostmanRuntime/7.30.0"
::1 - - [17/Jan/2023:16:18:45 +0000] "POST /api/user/login HTTP/1.1" 200 89 "-" "PostmanRuntime/7.30.0"
::1 - - [17/Jan/2023:16:21:14 +0000] "POST /api/question-paper/save-details HTTP/1.1" 200 35 "-" "PostmanRuntime/7.30.0"
::1 - - [17/Jan/2023:16:21:53 +0000] "GET /api/question-paper/get-details HTTP/1.1" 200 1549 "-" "PostmanRuntime/7.30.0"
::1 - - [17/Jan/2023:16:38:47 +0000] "DELETE /api/question-paper/delete HTTP/1.1" - - "-" "PostmanRuntime/7.30.0"
::1 - - [17/Jan/2023:16:42:35 +0000] "POST /api/question-paper/save-details HTTP/1.1" 200 35 "-" "PostmanRuntime/7.30.0"
::1 - - [17/Jan/2023:16:42:45 +0000] "GET /api/question-paper/get-details HTTP/1.1" 200 808 "-" "PostmanRuntime/7.30.0"
::1 - - [17/Jan/2023:16:45:34 +0000] "GET /api/question-paper/get-details HTTP/1.1" 200 831 "-" "PostmanRuntime/7.30.0"
::1 - - [17/Jan/2023:16:47:44 +0000] "POST /api/question-paper/save-details HTTP/1.1" 200 35 "-" "PostmanRuntime/7.30.0"
::1 - - [17/Jan/2023:16:47:51 +0000] "GET /api/question-paper/get-details HTTP/1.1" 200 1595 "-" "PostmanRuntime/7.30.0"
::1 - - [17/Jan/2023:16:48:25 +0000] "GET /api/question-paper/get-details HTTP/1.1" 200 1595 "-" "PostmanRuntime/7.30.0"
::1 - - [17/Jan/2023:16:48:39 +0000] "GET /api/question-paper/get-details HTTP/1.1" 200 1595 "-" "PostmanRuntime/7.30.0"
::1 - - [17/Jan/2023:20:18:05 +0000] "DELETE /api/question-paper/delete HTTP/1.1" 200 56 "-" "PostmanRuntime/7.30.0"
::1 - - [17/Jan/2023:20:19:08 +0000] "DELETE /api/question-paper/delete HTTP/1.1" 200 56 "-" "PostmanRuntime/7.30.0"
::1 - - [17/Jan/2023:20:23:03 +0000] "DELETE /api/question-paper/delete HTTP/1.1" 200 56 "-" "PostmanRuntime/7.30.0"
::1 - - [17/Jan/2023:20:24:31 +0000] "DELETE /api/question-paper/delete HTTP/1.1" 200 56 "-" "PostmanRuntime/7.30.0"
::1 - - [17/Jan/2023:20:25:29 +0000] "DELETE /api/question-paper/delete HTTP/1.1" 200 56 "-" "PostmanRuntime/7.30.0"
::1 - - [17/Jan/2023:20:25:51 +0000] "DELETE /api/question-paper/delete HTTP/1.1" 200 56 "-" "PostmanRuntime/7.30.0"
::1 - - [17/Jan/2023:20:28:17 +0000] "POST /api/question-paper/save-details HTTP/1.1" 200 35 "-" "PostmanRuntime/7.30.0"
::1 - - [17/Jan/2023:20:28:22 +0000] "GET /api/question-paper/get-details HTTP/1.1" 200 831 "-" "PostmanRuntime/7.30.0"
::1 - - [17/Jan/2023:20:36:15 +0000] "GET /api/question-paper/get-details HTTP/1.1" 200 845 "-" "PostmanRuntime/7.30.0"
::1 - - [17/Jan/2023:20:36:48 +0000] "POST /api/question-paper/save-details HTTP/1.1" 200 35 "-" "PostmanRuntime/7.30.0"
::1 - - [17/Jan/2023:20:36:55 +0000] "GET /api/question-paper/get-details HTTP/1.1" 200 1622 "-" "PostmanRuntime/7.30.0"
::1 - - [17/Jan/2023:20:37:14 +0000] "DELETE /api/question-paper/delete HTTP/1.1" 200 56 "-" "PostmanRuntime/7.30.0"
::1 - - [17/Jan/2023:20:44:54 +0000] "GET /api/question-paper/get-details HTTP/1.1" 200 845 "-" "PostmanRuntime/7.30.0"
::1 - - [17/Jan/2023:20:54:18 +0000] "GET /api/question-paper/get-details HTTP/1.1" 200 845 "-" "PostmanRuntime/7.30.0"
::1 - - [17/Jan/2023:20:56:34 +0000] "POST /api/question-paper/save-details HTTP/1.1" 200 35 "-" "PostmanRuntime/7.30.0"
::1 - - [17/Jan/2023:20:56:39 +0000] "GET /api/question-paper/get-details HTTP/1.1" 200 1622 "-" "PostmanRuntime/7.30.0"
::1 - - [17/Jan/2023:20:57:00 +0000] "DELETE /api/question-paper/delete HTTP/1.1" 200 56 "-" "PostmanRuntime/7.30.0"
::1 - - [17/Jan/2023:20:57:20 +0000] "POST /api/user/signup HTTP/1.1" 200 90 "-" "PostmanRuntime/7.30.0"
::1 - - [17/Jan/2023:20:57:36 +0000] "POST /api/user/login HTTP/1.1" 200 89 "-" "PostmanRuntime/7.30.0"
::1 - - [27/Jan/2023:19:39:21 +0000] "GET / HTTP/1.1" 200 97 "-" "Mozilla/5.0 (Macintosh; Intel Mac OS X 10_15_7) AppleWebKit/605.1.15 (KHTML, like Gecko) Version/16.0 Safari/605.1.15"
::1 - - [27/Jan/2023:19:39:21 +0000] "GET /favicon.ico HTTP/1.1" 404 150 "http://localhost:9000/" "Mozilla/5.0 (Macintosh; Intel Mac OS X 10_15_7) AppleWebKit/605.1.15 (KHTML, like Gecko) Version/16.0 Safari/605.1.15"
